<?xml version="1.0" encoding="UTF-8"?>
<coverage generated="1673687830783" clover="3.2.0">
  <project timestamp="1673687830783" name="All files">
    <metrics statements="4" coveredstatements="4" conditionals="0" coveredconditionals="0" methods="2" coveredmethods="2" elements="6" coveredelements="6" complexity="0" loc="4" ncloc="4" packages="1" files="2" classes="2"/>
    <file name="countComments.js" path="/Users/haliljonjuraboev/Desktop/Microverse/Module-2/week-5/JavaScript-Capstone/src/modules/countComments.js">
      <metrics statements="2" coveredstatements="2" conditionals="0" coveredconditionals="0" methods="1" coveredmethods="1"/>
      <line num="1" count="1" type="stmt"/>
      <line num="2" count="1" type="stmt"/>
    </file>
    <file name="itemsCounter.js" path="/Users/haliljonjuraboev/Desktop/Microverse/Module-2/week-5/JavaScript-Capstone/src/modules/itemsCounter.js">
      <metrics statements="2" coveredstatements="2" conditionals="0" coveredconditionals="0" methods="1" coveredmethods="1"/>
      <line num="1" count="2" type="stmt"/>
      <line num="2" count="1" type="stmt"/>
    </file>
  </project>
</coverage>
