{"/Users/haliljonjuraboev/Desktop/Microverse/Module-2/week-5/JavaScript-Capstone/src/modules/countComments.js": {"path":"/Users/haliljonjuraboev/Desktop/Microverse/Module-2/week-5/JavaScript-Capstone/src/modules/countComments.js","statementMap":{"0":{"start":{"line":1,"column":22},"end":{"line":3,"column":1}},"1":{"start":{"line":2,"column":4},"end":{"line":2,"column":32}}},"fnMap":{"0":{"name":"(anonymous_0)","decl":{"start":{"line":1,"column":22},"end":{"line":1,"column":23}},"loc":{"start":{"line":1,"column":32},"end":{"line":3,"column":1}},"line":1}},"branchMap":{},"s":{"0":1,"1":1},"f":{"0":1},"b":{},"_coverageSchema":"1a1c01bbd47fc00a2c39e90264f33305004495a9","hash":"2300d5c5944cf0ff1308945c16122cbfbf2ef922"}
,"/Users/haliljonjuraboev/Desktop/Microverse/Module-2/week-5/JavaScript-Capstone/src/modules/itemsCounter.js": {"path":"/Users/haliljonjuraboev/Desktop/Microverse/Module-2/week-5/JavaScript-Capstone/src/modules/itemsCounter.js","statementMap":{"0":{"start":{"line":1,"column":21},"end":{"line":1,"column":42}},"1":{"start":{"line":1,"column":31},"end":{"line":1,"column":42}},"2":{"start":{"line":2,"column":0},"end":{"line":2,"column":30}}},"fnMap":{"0":{"name":"(anonymous_0)","decl":{"start":{"line":1,"column":21},"end":{"line":1,"column":22}},"loc":{"start":{"line":1,"column":31},"end":{"line":1,"column":42}},"line":1}},"branchMap":{},"s":{"0":1,"1":2,"2":1},"f":{"0":2},"b":{},"_coverageSchema":"1a1c01bbd47fc00a2c39e90264f33305004495a9","hash":"67930e9958aeea5d9ff5dc8478cd53174e8009dd"}
}
